[19:37:11] [main/DEBUG] [FML/]: Injecting tracing printstreams for STDOUT/STDERR.
[19:37:11] [main/INFO] [FML/]: Forge Mod Loader version 7.99.40.1614 for Minecraft 1.7.10 loading
[19:37:11] [main/INFO] [FML/]: Java is Java HotSpot(TM) 64-Bit Server VM, version 1.8.0_231, running on Windows 10:amd64:10.0, installed at C:\Program Files\Java\jre1.8.0_231
[19:37:11] [main/DEBUG] [FML/]: Java classpath at launch is C:\Users\PercyDan\Desktop\Minecraft\.minecraft\libraries\net\minecraftforge\forge\1.7.10-10.13.4.1614-1.7.10\forge-1.7.10-10.13.4.1614-1.7.10.jar;C:\Users\PercyDan\Desktop\Minecraft\.minecraft\libraries\net\minecraft\launchwrapper\1.12\launchwrapper-1.12.jar;C:\Users\PercyDan\Desktop\Minecraft\.minecraft\libraries\org\ow2\asm\asm-all\5.0.3\asm-all-5.0.3.jar;C:\Users\PercyDan\Desktop\Minecraft\.minecraft\libraries\com\typesafe\akka\akka-actor_2.11\2.3.3\akka-actor_2.11-2.3.3.jar;C:\Users\PercyDan\Desktop\Minecraft\.minecraft\libraries\com\typesafe\config\1.2.1\config-1.2.1.jar;C:\Users\PercyDan\Desktop\Minecraft\.minecraft\libraries\org\scala-lang\scala-actors-migration_2.11\1.1.0\scala-actors-migration_2.11-1.1.0.jar;C:\Users\PercyDan\Desktop\Minecraft\.minecraft\libraries\org\scala-lang\scala-compiler\2.11.1\scala-compiler-2.11.1.jar;C:\Users\PercyDan\Desktop\Minecraft\.minecraft\libraries\org\scala-lang\plugins\scala-continuations-library_2.11\1.0.2\scala-continuations-library_2.11-1.0.2.jar;C:\Users\PercyDan\Desktop\Minecraft\.minecraft\libraries\org\scala-lang\plugins\scala-continuations-plugin_2.11.1\1.0.2\scala-continuations-plugin_2.11.1-1.0.2.jar;C:\Users\PercyDan\Desktop\Minecraft\.minecraft\libraries\org\scala-lang\scala-library\2.11.1\scala-library-2.11.1.jar;C:\Users\PercyDan\Desktop\Minecraft\.minecraft\libraries\org\scala-lang\scala-parser-combinators_2.11\1.0.1\scala-parser-combinators_2.11-1.0.1.jar;C:\Users\PercyDan\Desktop\Minecraft\.minecraft\libraries\org\scala-lang\scala-reflect\2.11.1\scala-reflect-2.11.1.jar;C:\Users\PercyDan\Desktop\Minecraft\.minecraft\libraries\org\scala-lang\scala-swing_2.11\1.0.1\scala-swing_2.11-1.0.1.jar;C:\Users\PercyDan\Desktop\Minecraft\.minecraft\libraries\org\scala-lang\scala-xml_2.11\1.0.2\scala-xml_2.11-1.0.2.jar;C:\Users\PercyDan\Desktop\Minecraft\.minecraft\libraries\lzma\lzma\0.0.1\lzma-0.0.1.jar;C:\Users\PercyDan\Desktop\Minecraft\.minecraft\libraries\net\sf\jopt-simple\jopt-simple\4.5\jopt-simple-4.5.jar;C:\Users\PercyDan\Desktop\Minecraft\.minecraft\libraries\com\google\guava\guava\17.0\guava-17.0.jar;C:\Users\PercyDan\Desktop\Minecraft\.minecraft\libraries\org\apache\commons\commons-lang3\3.3.2\commons-lang3-3.3.2.jar;C:\Users\PercyDan\Desktop\Minecraft\.minecraft\libraries\com\mojang\netty\1.6\netty-1.6.jar;C:\Users\PercyDan\Desktop\Minecraft\.minecraft\libraries\com\mojang\realms\1.3.5\realms-1.3.5.jar;C:\Users\PercyDan\Desktop\Minecraft\.minecraft\libraries\org\apache\commons\commons-compress\1.8.1\commons-compress-1.8.1.jar;C:\Users\PercyDan\Desktop\Minecraft\.minecraft\libraries\org\apache\httpcomponents\httpclient\4.3.3\httpclient-4.3.3.jar;C:\Users\PercyDan\Desktop\Minecraft\.minecraft\libraries\commons-logging\commons-logging\1.1.3\commons-logging-1.1.3.jar;C:\Users\PercyDan\Desktop\Minecraft\.minecraft\libraries\org\apache\httpcomponents\httpcore\4.3.2\httpcore-4.3.2.jar;C:\Users\PercyDan\Desktop\Minecraft\.minecraft\libraries\java3d\vecmath\1.3.1\vecmath-1.3.1.jar;C:\Users\PercyDan\Desktop\Minecraft\.minecraft\libraries\net\sf\trove4j\trove4j\3.0.3\trove4j-3.0.3.jar;C:\Users\PercyDan\Desktop\Minecraft\.minecraft\libraries\com\ibm\icu\icu4j-core-mojang\51.2\icu4j-core-mojang-51.2.jar;C:\Users\PercyDan\Desktop\Minecraft\.minecraft\libraries\com\paulscode\codecjorbis\20101023\codecjorbis-20101023.jar;C:\Users\PercyDan\Desktop\Minecraft\.minecraft\libraries\com\paulscode\codecwav\20101023\codecwav-20101023.jar;C:\Users\PercyDan\Desktop\Minecraft\.minecraft\libraries\com\paulscode\libraryjavasound\20101123\libraryjavasound-20101123.jar;C:\Users\PercyDan\Desktop\Minecraft\.minecraft\libraries\com\paulscode\librarylwjglopenal\20100824\librarylwjglopenal-20100824.jar;C:\Users\PercyDan\Desktop\Minecraft\.minecraft\libraries\com\paulscode\soundsystem\20120107\soundsystem-20120107.jar;C:\Users\PercyDan\Desktop\Minecraft\.minecraft\libraries\io\netty\netty-all\4.0.10.Final\netty-all-4.0.10.Final.jar;C:\Users\PercyDan\Desktop\Minecraft\.minecraft\libraries\commons-io\commons-io\2.4\commons-io-2.4.jar;C:\Users\PercyDan\Desktop\Minecraft\.minecraft\libraries\commons-codec\commons-codec\1.9\commons-codec-1.9.jar;C:\Users\PercyDan\Desktop\Minecraft\.minecraft\libraries\net\java\jinput\jinput\2.0.5\jinput-2.0.5.jar;C:\Users\PercyDan\Desktop\Minecraft\.minecraft\libraries\net\java\jutils\jutils\1.0.0\jutils-1.0.0.jar;C:\Users\PercyDan\Desktop\Minecraft\.minecraft\libraries\com\google\code\gson\gson\2.2.4\gson-2.2.4.jar;C:\Users\PercyDan\Desktop\Minecraft\.minecraft\libraries\com\mojang\authlib\1.5.21\authlib-1.5.21.jar;C:\Users\PercyDan\Desktop\Minecraft\.minecraft\libraries\org\apache\logging\log4j\log4j-api\2.0-beta9\log4j-api-2.0-beta9.jar;C:\Users\PercyDan\Desktop\Minecraft\.minecraft\libraries\org\apache\logging\log4j\log4j-core\2.0-beta9\log4j-core-2.0-beta9.jar;C:\Users\PercyDan\Desktop\Minecraft\.minecraft\libraries\org\lwjgl\lwjgl\lwjgl\2.9.1\lwjgl-2.9.1.jar;C:\Users\PercyDan\Desktop\Minecraft\.minecraft\libraries\org\lwjgl\lwjgl\lwjgl_util\2.9.1\lwjgl_util-2.9.1.jar;C:\Users\PercyDan\Desktop\Minecraft\.minecraft\libraries\tv\twitch\twitch\5.16\twitch-5.16.jar;C:\Users\PercyDan\Desktop\Minecraft\.minecraft\versions\1.7.10\1.7.10.jar
[19:37:11] [main/DEBUG] [FML/]: Java library path at launch is C:\Users\PercyDan\Desktop\Minecraft\.minecraft\versions\1.7.10\natives
[19:37:11] [main/DEBUG] [FML/]: Enabling runtime deobfuscation
[19:37:11] [main/DEBUG] [FML/]: Instantiating coremod class FMLCorePlugin
[19:37:11] [main/DEBUG] [FML/]: Added access transformer class cpw.mods.fml.common.asm.transformers.AccessTransformer to enqueued access transformers
[19:37:11] [main/DEBUG] [FML/]: Enqueued coremod FMLCorePlugin
[19:37:11] [main/DEBUG] [FML/]: Instantiating coremod class FMLForgePlugin
[19:37:11] [main/DEBUG] [FML/]: Added access transformer class net.minecraftforge.transformers.ForgeAccessTransformer to enqueued access transformers
[19:37:11] [main/DEBUG] [FML/]: Enqueued coremod FMLForgePlugin
[19:37:11] [main/DEBUG] [FML/]: All fundamental core mods are successfully located
[19:37:11] [main/DEBUG] [FML/]: Attempting to load commandline specified mods, relative to C:\Users\PercyDan\Desktop\Minecraft\.minecraft\versions\1.7.10
[19:37:11] [main/DEBUG] [FML/]: Discovering coremods
[19:37:11] [main/DEBUG] [FML/]: Examining for coremod candidacy RandomTitle-legacy-1.0.jar
[19:37:11] [main/TRACE] [FML/]: Adding RandomTitle-legacy-1.0.jar to the list of known coremods, it will not be examined again
[19:37:11] [main/DEBUG] [FML/]: Instantiating coremod class FMLLoadingPlugin
[19:37:11] [main/WARN] [FML/]: The coremod me.PercyDan.RandomTitle.asm.FMLLoadingPlugin does not have a MCVersion annotation, it may cause issues with this version of Minecraft
[19:37:11] [main/DEBUG] [FML/]: Enqueued coremod FMLLoadingPlugin
[19:37:11] [main/INFO] [LaunchWrapper/]: Loading tweak class name cpw.mods.fml.common.launcher.FMLInjectionAndSortingTweaker
[19:37:11] [main/INFO] [LaunchWrapper/]: Loading tweak class name cpw.mods.fml.common.launcher.FMLDeobfTweaker
[19:37:11] [main/INFO] [LaunchWrapper/]: Calling tweak class cpw.mods.fml.common.launcher.FMLInjectionAndSortingTweaker
[19:37:11] [main/INFO] [LaunchWrapper/]: Calling tweak class cpw.mods.fml.common.launcher.FMLInjectionAndSortingTweaker
[19:37:11] [main/INFO] [LaunchWrapper/]: Calling tweak class cpw.mods.fml.relauncher.CoreModManager$FMLPluginWrapper
[19:37:11] [main/DEBUG] [FML/]: Injecting coremod FMLCorePlugin {cpw.mods.fml.relauncher.FMLCorePlugin} class transformers
[19:37:11] [main/TRACE] [FML/]: Registering transformer cpw.mods.fml.common.asm.transformers.MarkerTransformer
[19:37:11] [main/TRACE] [FML/]: Registering transformer cpw.mods.fml.common.asm.transformers.SideTransformer
[19:37:11] [main/TRACE] [FML/]: Registering transformer cpw.mods.fml.common.asm.transformers.EventSubscriptionTransformer
[19:37:11] [main/DEBUG] [FML/]: Injection complete
[19:37:11] [main/DEBUG] [FML/]: Running coremod plugin for FMLCorePlugin {cpw.mods.fml.relauncher.FMLCorePlugin}
[19:37:11] [main/DEBUG] [FML/]: Running coremod plugin FMLCorePlugin
[19:37:12] [main/DEBUG] [FML/]: Read 527 binary patches
[19:37:12] [main/INFO] [FML/]: Found valid fingerprint for Minecraft Forge. Certificate fingerprint e3c3d50c7c986df74c645c0ac54639741c90a557
[19:37:12] [main/INFO] [FML/]: Found valid fingerprint for Minecraft. Certificate fingerprint cd99959656f753dc28d863b46769f7f8fbaefcfc
[19:37:12] [main/DEBUG] [FML/]: Coremod plugin class FMLCorePlugin run successfully
[19:37:12] [main/INFO] [LaunchWrapper/]: Calling tweak class cpw.mods.fml.relauncher.CoreModManager$FMLPluginWrapper
[19:37:12] [main/DEBUG] [FML/]: Injecting coremod FMLForgePlugin {net.minecraftforge.classloading.FMLForgePlugin} class transformers
[19:37:12] [main/TRACE] [FML/]: Registering transformer net.minecraftforge.classloading.FluidIdTransformer
[19:37:12] [main/DEBUG] [FML/]: Injection complete
[19:37:12] [main/DEBUG] [FML/]: Running coremod plugin for FMLForgePlugin {net.minecraftforge.classloading.FMLForgePlugin}
[19:37:12] [main/DEBUG] [FML/]: Running coremod plugin FMLForgePlugin
[19:37:12] [main/DEBUG] [FML/]: Coremod plugin class FMLForgePlugin run successfully
[19:37:12] [main/INFO] [LaunchWrapper/]: Calling tweak class cpw.mods.fml.relauncher.CoreModManager$FMLPluginWrapper
[19:37:12] [main/DEBUG] [FML/]: Injecting coremod FMLLoadingPlugin {me.PercyDan.RandomTitle.asm.FMLLoadingPlugin} class transformers
[19:37:12] [main/TRACE] [FML/]: Registering transformer me.PercyDan.RandomTitle.asm.ClassTransformer
[19:37:12] [main/DEBUG] [FML/]: Injection complete
[19:37:12] [main/DEBUG] [FML/]: Running coremod plugin for FMLLoadingPlugin {me.PercyDan.RandomTitle.asm.FMLLoadingPlugin}
[19:37:12] [main/DEBUG] [FML/]: Running coremod plugin FMLLoadingPlugin
[19:37:12] [main/DEBUG] [FML/]: Coremod plugin class FMLLoadingPlugin run successfully
[19:37:12] [main/INFO] [LaunchWrapper/]: Calling tweak class cpw.mods.fml.common.launcher.FMLDeobfTweaker
[19:37:12] [main/DEBUG] [FML/]: Loaded 57 rules from AccessTransformer config file fml_at.cfg
[19:37:12] [main/DEBUG] [FML/]: Loaded 89 rules from AccessTransformer config file forge_at.cfg
[19:37:12] [main/DEBUG] [FML/]: Validating minecraft
[19:37:13] [main/DEBUG] [FML/]: Minecraft validated, launching...
[19:37:13] [main/INFO] [LaunchWrapper/]: Loading tweak class name cpw.mods.fml.common.launcher.TerminalTweaker
[19:37:13] [main/INFO] [LaunchWrapper/]: Calling tweak class cpw.mods.fml.common.launcher.TerminalTweaker
[19:37:13] [main/INFO] [LaunchWrapper/]: Launching wrapped minecraft {net.minecraft.client.main.Main}
[19:37:13] [main/INFO] [RandomTitleCore/]: Found the method: ag()V
[19:37:13] [main/ERROR] [LaunchWrapper/]: Unable to launch
java.lang.reflect.InvocationTargetException
	at sun.reflect.NativeMethodAccessorImpl.invoke0(Native Method) ~[?:1.8.0_231]
	at sun.reflect.NativeMethodAccessorImpl.invoke(Unknown Source) ~[?:1.8.0_231]
	at sun.reflect.DelegatingMethodAccessorImpl.invoke(Unknown Source) ~[?:1.8.0_231]
	at java.lang.reflect.Method.invoke(Unknown Source) ~[?:1.8.0_231]
	at net.minecraft.launchwrapper.Launch.launch(Launch.java:135) [launchwrapper-1.12.jar:?]
	at net.minecraft.launchwrapper.Launch.main(Launch.java:28) [launchwrapper-1.12.jar:?]
Caused by: java.lang.NoClassDefFoundError: net/minecraft/client/Minecraft
	at net.minecraft.client.main.Main.main(SourceFile:72) ~[Main.class:?]
	... 6 more
Caused by: java.lang.ClassNotFoundException: net.minecraft.client.Minecraft
	at net.minecraft.launchwrapper.LaunchClassLoader.findClass(LaunchClassLoader.java:191) ~[launchwrapper-1.12.jar:?]
	at java.lang.ClassLoader.loadClass(Unknown Source) ~[?:1.8.0_231]
	at java.lang.ClassLoader.loadClass(Unknown Source) ~[?:1.8.0_231]
	at net.minecraft.client.main.Main.main(SourceFile:72) ~[Main.class:?]
	... 6 more
Caused by: java.lang.RuntimeException: java.lang.ClassNotFoundException: bdc
	at org.objectweb.asm.ClassWriter.getCommonSuperClass(Unknown Source) ~[asm-all-5.0.3.jar:5.0.3]
	at org.objectweb.asm.ClassWriter.a(Unknown Source) ~[asm-all-5.0.3.jar:5.0.3]
	at org.objectweb.asm.Frame.a(Unknown Source) ~[asm-all-5.0.3.jar:5.0.3]
	at org.objectweb.asm.Frame.a(Unknown Source) ~[asm-all-5.0.3.jar:5.0.3]
	at org.objectweb.asm.MethodWriter.visitMaxs(Unknown Source) ~[asm-all-5.0.3.jar:5.0.3]
	at org.objectweb.asm.tree.MethodNode.accept(Unknown Source) ~[asm-all-5.0.3.jar:5.0.3]
	at org.objectweb.asm.tree.MethodNode.accept(Unknown Source) ~[asm-all-5.0.3.jar:5.0.3]
	at org.objectweb.asm.tree.ClassNode.accept(Unknown Source) ~[asm-all-5.0.3.jar:5.0.3]
	at me.PercyDan.RandomTitle.asm.ClassTransformer.transform(ClassTransformer.java:48) ~[ClassTransformer.class:?]
	at net.minecraft.launchwrapper.LaunchClassLoader.runTransformers(LaunchClassLoader.java:279) ~[launchwrapper-1.12.jar:?]
	at net.minecraft.launchwrapper.LaunchClassLoader.findClass(LaunchClassLoader.java:176) ~[launchwrapper-1.12.jar:?]
	at java.lang.ClassLoader.loadClass(Unknown Source) ~[?:1.8.0_231]
	at java.lang.ClassLoader.loadClass(Unknown Source) ~[?:1.8.0_231]
	at net.minecraft.client.main.Main.main(SourceFile:72) ~[Main.class:?]
	... 6 more
[19:37:13] [main/INFO] [STDERR/]: [java.lang.Throwable$WrappedPrintStream:println:-1]: cpw.mods.fml.relauncher.FMLSecurityManager$ExitTrappedException
[19:37:13] [main/INFO] [STDERR/]: [java.lang.Throwable$WrappedPrintStream:println:-1]: 	at cpw.mods.fml.relauncher.FMLSecurityManager.checkPermission(FMLSecurityManager.java:25)
[19:37:13] [main/INFO] [STDERR/]: [java.lang.Throwable$WrappedPrintStream:println:-1]: 	at java.lang.SecurityManager.checkExit(Unknown Source)
[19:37:13] [main/INFO] [STDERR/]: [java.lang.Throwable$WrappedPrintStream:println:-1]: 	at java.lang.Runtime.exit(Unknown Source)
[19:37:13] [main/INFO] [STDERR/]: [java.lang.Throwable$WrappedPrintStream:println:-1]: 	at java.lang.System.exit(Unknown Source)
[19:37:13] [main/INFO] [STDERR/]: [java.lang.Throwable$WrappedPrintStream:println:-1]: 	at net.minecraft.launchwrapper.Launch.launch(Launch.java:138)
[19:37:13] [main/INFO] [STDERR/]: [java.lang.Throwable$WrappedPrintStream:println:-1]: 	at net.minecraft.launchwrapper.Launch.main(Launch.java:28)
